<?xml version="1.0" encoding="UTF-8"?>
<testsuite name="HelloMEITREXTest" tests="1" skipped="0" failures="0" errors="0" timestamp="2025-10-21T10:22:15" hostname="LENOVO-TAHA" time="0.025">
  <properties/>
  <testcase name="testPrintsHelloMEITREX()" classname="HelloMEITREXTest" time="0.025"/>
  <system-out><![CDATA[]]></system-out>
  <system-err><![CDATA[]]></system-err>
</testsuite>
